<?xml version="1.0" encoding="UTF-8"?>
<!-- Generated by org.testng.reporters.JUnitReportReporter -->
<testsuite skipped="0" hostname="DESKTOP-68GGR8J" name="sample2.Test2" tests="1" failures="0" timestamp="12 Mar 2022 06:28:41 GMT" time="7.401" errors="0">
  <testcase name="validateGoogle" time="7.401" classname="sample2.Test2"/>
</testsuite> <!-- sample2.Test2 -->
