<?xml version="1.0" encoding="UTF-8"?>
<!-- Generated by org.testng.reporters.JUnitReportReporter -->
<testsuite skipped="0" hostname="DESKTOP-68GGR8J" name="sample1.Test1" tests="1" failures="0" timestamp="12 Mar 2022 07:12:54 GMT" time="15.824" errors="0">
  <testcase name="validateGoogle" time="15.824" classname="sample1.Test1"/>
</testsuite> <!-- sample1.Test1 -->
